<?xml version="1.0" encoding="UTF-8"?>
<!-- Generated by org.testng.reporters.JUnitReportReporter -->
<testsuite hostname="PKLTP014" name="defaultpackage.Family" tests="2" failures="0" timestamp="9 Mar 2016 17:08:01 GMT" time="173.799" errors="0">
  <testcase name="WFamilyShortterm" time="57.007" classname="defaultpackage.Family"/>
  <testcase name="WFamilyAnnual" time="116.792" classname="defaultpackage.Family"/>
</testsuite> <!-- defaultpackage.Family -->
