<?xml version="1.0" encoding="UTF-8"?>
<!-- Generated by org.testng.reporters.JUnitReportReporter -->
<testsuite hostname="PKLTP014" name="DBverification.dbtest" tests="1" failures="0" timestamp="1 Apr 2016 12:40:51 GMT" time="0.991" errors="0">
  <testcase name="opensshsession" time="0.991" classname="DBverification.dbtest"/>
</testsuite> <!-- DBverification.dbtest -->
