<?xml version="1.0" encoding="UTF-8"?>
<!-- Generated by org.testng.reporters.JUnitReportReporter -->
<testsuite hostname="PKLTP014" name="renewmembership.RenewFWA" tests="3" failures="0" timestamp="24 May 2016 04:51:51 GMT" time="172.630" errors="0">
  <testcase name="RenewWAWS" time="57.230" classname="renewmembership.RenewFWA"/>
  <testcase name="RenewASIS" time="56.369" classname="renewmembership.RenewFWA"/>
  <testcase name="GetPassword" time="59.031" classname="renewmembership.RenewFWA"/>
</testsuite> <!-- renewmembership.RenewFWA -->
