<?xml version="1.0" encoding="UTF-8"?>
<!-- Generated by org.testng.reporters.JUnitReportReporter -->
<testsuite hostname="PKLTP014" name="defaultpackage.IndividuvialDynamicsVerification" tests="1" failures="0" timestamp="9 Mar 2016 17:08:01 GMT" time="9.498" errors="0">
  <testcase name="datacomparison" time="9.498" classname="defaultpackage.IndividuvialDynamicsVerification"/>
</testsuite> <!-- defaultpackage.IndividuvialDynamicsVerification -->
