<?xml version="1.0" encoding="UTF-8"?>
<!-- Generated by org.testng.reporters.JUnitReportReporter -->
<testsuite hostname="PKLTP014" name="defaultpackage.implementation" tests="1" failures="0" timestamp="8 Mar 2016 15:58:26 GMT" time="0.005" errors="0">
  <testcase name="f" time="0.005" classname="defaultpackage.implementation"/>
</testsuite> <!-- defaultpackage.implementation -->
