<?xml version="1.0" encoding="UTF-8"?>
<!-- Generated by org.testng.reporters.JUnitReportReporter -->
<testsuite hostname="PKLTP014" name="newmembership.Individuvial" tests="2" failures="0" timestamp="31 May 2016 11:42:09 GMT" time="153.576" errors="0">
  <testcase name="Shortterm" time="70.902" classname="newmembership.Individuvial"/>
  <testcase name="WorldwideAnnual" time="82.674" classname="newmembership.Individuvial"/>
</testsuite> <!-- newmembership.Individuvial -->
