<?xml version="1.0" encoding="UTF-8"?>
<!-- Generated by org.testng.reporters.JUnitReportReporter -->
<testsuite hostname="PKLTP014" name="renewmembership.RenewIWA" tests="3" failures="0" timestamp="24 May 2016 04:48:30 GMT" time="202.228" errors="0">
  <testcase name="GetPassword" time="90.148" classname="renewmembership.RenewIWA"/>
  <testcase name="RenewASIS" time="58.930" classname="renewmembership.RenewIWA"/>
  <testcase name="RenewWAWS" time="53.150" classname="renewmembership.RenewIWA"/>
</testsuite> <!-- renewmembership.RenewIWA -->
